  main.cpp
c:\program files (x86)\windows kits\10\include\10.0.17763.0\shared\ws2def.h(103): warning C4005: 'AF_IPX': macro redefinition
  c:\program files (x86)\windows kits\10\include\10.0.17763.0\um\winsock.h(457): note: see previous definition of 'AF_IPX'
c:\program files (x86)\windows kits\10\include\10.0.17763.0\shared\ws2def.h(147): warning C4005: 'AF_MAX': macro redefinition
  c:\program files (x86)\windows kits\10\include\10.0.17763.0\um\winsock.h(476): note: see previous definition of 'AF_MAX'
c:\program files (x86)\windows kits\10\include\10.0.17763.0\shared\ws2def.h(185): warning C4005: 'SO_DONTLINGER': macro redefinition
  c:\program files (x86)\windows kits\10\include\10.0.17763.0\um\winsock.h(399): note: see previous definition of 'SO_DONTLINGER'
c:\program files (x86)\windows kits\10\include\10.0.17763.0\shared\ws2def.h(235): error C2011: 'sockaddr': 'struct' type redefinition
  c:\program files (x86)\windows kits\10\include\10.0.17763.0\um\winsock.h(1007): note: see declaration of 'sockaddr'
c:\program files (x86)\windows kits\10\include\10.0.17763.0\shared\ws2def.h(437): error C2059: syntax error: 'constant'
c:\program files (x86)\windows kits\10\include\10.0.17763.0\shared\ws2def.h(437): error C3805: 'constant': unexpected token, expected either '}' or a ','
c:\program files (x86)\windows kits\10\include\10.0.17763.0\shared\ws2def.h(572): warning C4005: 'IN_CLASSA': macro redefinition
  c:\program files (x86)\windows kits\10\include\10.0.17763.0\um\winsock.h(284): note: see previous definition of 'IN_CLASSA'
c:\program files (x86)\windows kits\10\include\10.0.17763.0\shared\ws2def.h(578): warning C4005: 'IN_CLASSB': macro redefinition
  c:\program files (x86)\windows kits\10\include\10.0.17763.0\um\winsock.h(290): note: see previous definition of 'IN_CLASSB'
c:\program files (x86)\windows kits\10\include\10.0.17763.0\shared\ws2def.h(584): warning C4005: 'IN_CLASSC': macro redefinition
  c:\program files (x86)\windows kits\10\include\10.0.17763.0\um\winsock.h(296): note: see previous definition of 'IN_CLASSC'
c:\program files (x86)\windows kits\10\include\10.0.17763.0\shared\ws2def.h(595): warning C4005: 'INADDR_ANY': macro redefinition
  c:\program files (x86)\windows kits\10\include\10.0.17763.0\um\winsock.h(301): note: see previous definition of 'INADDR_ANY'
c:\program files (x86)\windows kits\10\include\10.0.17763.0\shared\ws2def.h(597): warning C4005: 'INADDR_BROADCAST': macro redefinition
  c:\program files (x86)\windows kits\10\include\10.0.17763.0\um\winsock.h(303): note: see previous definition of 'INADDR_BROADCAST'
c:\program files (x86)\windows kits\10\include\10.0.17763.0\shared\ws2def.h(633): error C2011: 'sockaddr_in': 'struct' type redefinition
  c:\program files (x86)\windows kits\10\include\10.0.17763.0\um\winsock.h(1011): note: see declaration of 'sockaddr_in'
c:\program files (x86)\windows kits\10\include\10.0.17763.0\um\winsock2.h(136): error C2011: 'fd_set': 'struct' type redefinition
  c:\program files (x86)\windows kits\10\include\10.0.17763.0\um\winsock.h(1019): note: see declaration of 'fd_set'
c:\program files (x86)\windows kits\10\include\10.0.17763.0\um\winsock2.h(156): warning C4005: 'FD_CLR': macro redefinition
  c:\program files (x86)\windows kits\10\include\10.0.17763.0\um\winsock.h(94): note: see previous definition of 'FD_CLR'
c:\program files (x86)\windows kits\10\include\10.0.17763.0\um\winsock2.h(171): warning C4005: 'FD_SET': macro redefinition
  c:\program files (x86)\windows kits\10\include\10.0.17763.0\um\winsock.h(99): note: see previous definition of 'FD_SET'
c:\program files (x86)\windows kits\10\include\10.0.17763.0\um\winsock2.h(180): error C2011: 'timeval': 'struct' type redefinition
  c:\program files (x86)\windows kits\10\include\10.0.17763.0\um\winsock.h(1035): note: see declaration of 'timeval'
c:\program files (x86)\windows kits\10\include\10.0.17763.0\um\winsock2.h(236): error C2011: 'hostent': 'struct' type redefinition
  c:\program files (x86)\windows kits\10\include\10.0.17763.0\um\winsock.h(1023): note: see declaration of 'hostent'
c:\program files (x86)\windows kits\10\include\10.0.17763.0\um\winsock2.h(249): error C2011: 'netent': 'struct' type redefinition
  c:\program files (x86)\windows kits\10\include\10.0.17763.0\um\winsock.h(177): note: see declaration of 'netent'
c:\program files (x86)\windows kits\10\include\10.0.17763.0\um\winsock2.h(256): error C2011: 'servent': 'struct' type redefinition
  c:\program files (x86)\windows kits\10\include\10.0.17763.0\um\winsock.h(1027): note: see declaration of 'servent'
c:\program files (x86)\windows kits\10\include\10.0.17763.0\um\winsock2.h(268): error C2011: 'protoent': 'struct' type redefinition
  c:\program files (x86)\windows kits\10\include\10.0.17763.0\um\winsock.h(1031): note: see declaration of 'protoent'
c:\program files (x86)\windows kits\10\include\10.0.17763.0\um\winsock2.h(364): error C2011: 'WSAData': 'struct' type redefinition
  c:\program files (x86)\windows kits\10\include\10.0.17763.0\um\winsock.h(319): note: see declaration of 'WSAData'
c:\program files (x86)\windows kits\10\include\10.0.17763.0\um\winsock2.h(462): error C2011: 'sockproto': 'struct' type redefinition
  c:\program files (x86)\windows kits\10\include\10.0.17763.0\um\winsock.h(491): note: see declaration of 'sockproto'
c:\program files (x86)\windows kits\10\include\10.0.17763.0\um\winsock2.h(504): error C2011: 'linger': 'struct' type redefinition
  c:\program files (x86)\windows kits\10\include\10.0.17763.0\um\winsock.h(1015): note: see declaration of 'linger'
c:\program files (x86)\windows kits\10\include\10.0.17763.0\um\winsock2.h(517): warning C4005: 'SOMAXCONN': macro redefinition
  c:\program files (x86)\windows kits\10\include\10.0.17763.0\um\winsock.h(541): note: see previous definition of 'SOMAXCONN'
c:\program files (x86)\windows kits\10\include\10.0.17763.0\um\winsock2.h(552): warning C4005: 'FD_READ': macro redefinition
  c:\program files (x86)\windows kits\10\include\10.0.17763.0\um\winsock.h(559): note: see previous definition of 'FD_READ'
c:\program files (x86)\windows kits\10\include\10.0.17763.0\um\winsock2.h(555): warning C4005: 'FD_WRITE': macro redefinition
  c:\program files (x86)\windows kits\10\include\10.0.17763.0\um\winsock.h(560): note: see previous definition of 'FD_WRITE'
c:\program files (x86)\windows kits\10\include\10.0.17763.0\um\winsock2.h(558): warning C4005: 'FD_OOB': macro redefinition
  c:\program files (x86)\windows kits\10\include\10.0.17763.0\um\winsock.h(561): note: see previous definition of 'FD_OOB'
c:\program files (x86)\windows kits\10\include\10.0.17763.0\um\winsock2.h(561): warning C4005: 'FD_ACCEPT': macro redefinition
  c:\program files (x86)\windows kits\10\include\10.0.17763.0\um\winsock.h(562): note: see previous definition of 'FD_ACCEPT'
c:\program files (x86)\windows kits\10\include\10.0.17763.0\um\winsock2.h(564): warning C4005: 'FD_CONNECT': macro redefinition
  c:\program files (x86)\windows kits\10\include\10.0.17763.0\um\winsock.h(563): note: see previous definition of 'FD_CONNECT'
c:\program files (x86)\windows kits\10\include\10.0.17763.0\um\winsock2.h(567): warning C4005: 'FD_CLOSE': macro redefinition
  c:\program files (x86)\windows kits\10\include\10.0.17763.0\um\winsock.h(564): note: see previous definition of 'FD_CLOSE'
c:\program files (x86)\windows kits\10\include\10.0.17763.0\um\winsock2.h(1625): error C2375: 'accept': redefinition; different linkage
  c:\program files (x86)\windows kits\10\include\10.0.17763.0\um\winsock.h(739): note: see declaration of 'accept'
c:\program files (x86)\windows kits\10\include\10.0.17763.0\um\winsock2.h(1647): error C2375: 'bind': redefinition; different linkage
  c:\program files (x86)\windows kits\10\include\10.0.17763.0\um\winsock.h(744): note: see declaration of 'bind'
c:\program files (x86)\windows kits\10\include\10.0.17763.0\um\winsock2.h(1668): error C2375: 'closesocket': redefinition; different linkage
  c:\program files (x86)\windows kits\10\include\10.0.17763.0\um\winsock.h(749): note: see declaration of 'closesocket'
c:\program files (x86)\windows kits\10\include\10.0.17763.0\um\winsock2.h(1685): error C2375: 'connect': redefinition; different linkage
  c:\program files (x86)\windows kits\10\include\10.0.17763.0\um\winsock.h(751): note: see declaration of 'connect'
c:\program files (x86)\windows kits\10\include\10.0.17763.0\um\winsock2.h(1706): error C2375: 'ioctlsocket': redefinition; different linkage
  c:\program files (x86)\windows kits\10\include\10.0.17763.0\um\winsock.h(756): note: see declaration of 'ioctlsocket'
c:\program files (x86)\windows kits\10\include\10.0.17763.0\um\winsock2.h(1729): error C2375: 'getpeername': redefinition; different linkage
  c:\program files (x86)\windows kits\10\include\10.0.17763.0\um\winsock.h(761): note: see declaration of 'getpeername'
c:\program files (x86)\windows kits\10\include\10.0.17763.0\um\winsock2.h(1750): error C2375: 'getsockname': redefinition; different linkage
  c:\program files (x86)\windows kits\10\include\10.0.17763.0\um\winsock.h(766): note: see declaration of 'getsockname'
c:\program files (x86)\windows kits\10\include\10.0.17763.0\um\winsock2.h(1771): error C2375: 'getsockopt': redefinition; different linkage
  c:\program files (x86)\windows kits\10\include\10.0.17763.0\um\winsock.h(771): note: see declaration of 'getsockopt'
c:\program files (x86)\windows kits\10\include\10.0.17763.0\um\winsock2.h(1796): error C2375: 'htonl': redefinition; different linkage
  c:\program files (x86)\windows kits\10\include\10.0.17763.0\um\winsock.h(778): note: see declaration of 'htonl'
c:\program files (x86)\windows kits\10\include\10.0.17763.0\um\winsock2.h(1813): error C2375: 'htons': redefinition; different linkage
  c:\program files (x86)\windows kits\10\include\10.0.17763.0\um\winsock.h(780): note: see declaration of 'htons'
c:\program files (x86)\windows kits\10\include\10.0.17763.0\um\winsock2.h(1831): error C2375: 'inet_addr': redefinition; different linkage
  c:\program files (x86)\windows kits\10\include\10.0.17763.0\um\winsock.h(782): note: see declaration of 'inet_addr'
c:\program files (x86)\windows kits\10\include\10.0.17763.0\um\winsock2.h(1849): error C2375: 'inet_ntoa': redefinition; different linkage
  c:\program files (x86)\windows kits\10\include\10.0.17763.0\um\winsock.h(784): note: see declaration of 'inet_ntoa'
c:\program files (x86)\windows kits\10\include\10.0.17763.0\um\winsock2.h(1949): error C2375: 'listen': redefinition; different linkage
  c:\program files (x86)\windows kits\10\include\10.0.17763.0\um\winsock.h(786): note: see declaration of 'listen'
c:\program files (x86)\windows kits\10\include\10.0.17763.0\um\winsock2.h(1968): error C2375: 'ntohl': redefinition; different linkage
  c:\program files (x86)\windows kits\10\include\10.0.17763.0\um\winsock.h(790): note: see declaration of 'ntohl'
c:\program files (x86)\windows kits\10\include\10.0.17763.0\um\winsock2.h(1985): error C2375: 'ntohs': redefinition; different linkage
  c:\program files (x86)\windows kits\10\include\10.0.17763.0\um\winsock.h(792): note: see declaration of 'ntohs'
c:\program files (x86)\windows kits\10\include\10.0.17763.0\um\winsock2.h(2002): error C2375: 'recv': redefinition; different linkage
  c:\program files (x86)\windows kits\10\include\10.0.17763.0\um\winsock.h(794): note: see declaration of 'recv'
c:\program files (x86)\windows kits\10\include\10.0.17763.0\um\winsock2.h(2025): error C2375: 'recvfrom': redefinition; different linkage
  c:\program files (x86)\windows kits\10\include\10.0.17763.0\um\winsock.h(800): note: see declaration of 'recvfrom'
c:\program files (x86)\windows kits\10\include\10.0.17763.0\um\winsock2.h(2052): error C2375: 'select': redefinition; different linkage
  c:\program files (x86)\windows kits\10\include\10.0.17763.0\um\winsock.h(808): note: see declaration of 'select'
c:\program files (x86)\windows kits\10\include\10.0.17763.0\um\winsock2.h(2077): error C2375: 'send': redefinition; different linkage
  c:\program files (x86)\windows kits\10\include\10.0.17763.0\um\winsock.h(815): note: see declaration of 'send'
c:\program files (x86)\windows kits\10\include\10.0.17763.0\um\winsock2.h(2100): error C2375: 'sendto': redefinition; different linkage
  c:\program files (x86)\windows kits\10\include\10.0.17763.0\um\winsock.h(821): note: see declaration of 'sendto'
c:\program files (x86)\windows kits\10\include\10.0.17763.0\um\winsock2.h(2127): error C2375: 'setsockopt': redefinition; different linkage
  c:\program files (x86)\windows kits\10\include\10.0.17763.0\um\winsock.h(829): note: see declaration of 'setsockopt'
c:\program files (x86)\windows kits\10\include\10.0.17763.0\um\winsock2.h(2152): error C2375: 'shutdown': redefinition; different linkage
  c:\program files (x86)\windows kits\10\include\10.0.17763.0\um\winsock.h(836): note: see declaration of 'shutdown'
c:\program files (x86)\windows kits\10\include\10.0.17763.0\um\winsock2.h(2172): error C2375: 'socket': redefinition; different linkage
  c:\program files (x86)\windows kits\10\include\10.0.17763.0\um\winsock.h(840): note: see declaration of 'socket'
c:\program files (x86)\windows kits\10\include\10.0.17763.0\um\winsock2.h(2197): error C2375: 'gethostbyaddr': redefinition; different linkage
  c:\program files (x86)\windows kits\10\include\10.0.17763.0\um\winsock.h(847): note: see declaration of 'gethostbyaddr'
c:\program files (x86)\windows kits\10\include\10.0.17763.0\um\winsock2.h(2219): error C2375: 'gethostbyname': redefinition; different linkage
  c:\program files (x86)\windows kits\10\include\10.0.17763.0\um\winsock.h(852): note: see declaration of 'gethostbyname'
c:\program files (x86)\windows kits\10\include\10.0.17763.0\um\winsock2.h(2236): error C2375: 'gethostname': redefinition; different linkage
  c:\program files (x86)\windows kits\10\include\10.0.17763.0\um\winsock.h(854): note: see declaration of 'gethostname'
c:\program files (x86)\windows kits\10\include\10.0.17763.0\um\winsock2.h(2276): error C2375: 'getservbyport': redefinition; different linkage
  c:\program files (x86)\windows kits\10\include\10.0.17763.0\um\winsock.h(858): note: see declaration of 'getservbyport'
c:\program files (x86)\windows kits\10\include\10.0.17763.0\um\winsock2.h(2295): error C2375: 'getservbyname': redefinition; different linkage
  c:\program files (x86)\windows kits\10\include\10.0.17763.0\um\winsock.h(862): note: see declaration of 'getservbyname'
c:\program files (x86)\windows kits\10\include\10.0.17763.0\um\winsock2.h(2314): error C2375: 'getprotobynumber': redefinition; different linkage
  c:\program files (x86)\windows kits\10\include\10.0.17763.0\um\winsock.h(866): note: see declaration of 'getprotobynumber'
c:\program files (x86)\windows kits\10\include\10.0.17763.0\um\winsock2.h(2331): error C2375: 'getprotobyname': redefinition; different linkage
  c:\program files (x86)\windows kits\10\include\10.0.17763.0\um\winsock.h(868): note: see declaration of 'getprotobyname'
c:\program files (x86)\windows kits\10\include\10.0.17763.0\um\winsock2.h(2351): error C2375: 'WSAStartup': redefinition; different linkage
  c:\program files (x86)\windows kits\10\include\10.0.17763.0\um\winsock.h(872): note: see declaration of 'WSAStartup'
c:\program files (x86)\windows kits\10\include\10.0.17763.0\um\winsock2.h(2371): error C2375: 'WSACleanup': redefinition; different linkage
  c:\program files (x86)\windows kits\10\include\10.0.17763.0\um\winsock.h(876): note: see declaration of 'WSACleanup'
c:\program files (x86)\windows kits\10\include\10.0.17763.0\um\winsock2.h(2388): error C2375: 'WSASetLastError': redefinition; different linkage
  c:\program files (x86)\windows kits\10\include\10.0.17763.0\um\winsock.h(878): note: see declaration of 'WSASetLastError'
c:\program files (x86)\windows kits\10\include\10.0.17763.0\um\winsock2.h(2405): error C2375: 'WSAGetLastError': redefinition; different linkage
  c:\program files (x86)\windows kits\10\include\10.0.17763.0\um\winsock.h(880): note: see declaration of 'WSAGetLastError'
c:\program files (x86)\windows kits\10\include\10.0.17763.0\um\winsock2.h(2426): error C2375: 'WSAIsBlocking': redefinition; different linkage
  c:\program files (x86)\windows kits\10\include\10.0.17763.0\um\winsock.h(882): note: see declaration of 'WSAIsBlocking'
c:\program files (x86)\windows kits\10\include\10.0.17763.0\um\winsock2.h(2444): error C2375: 'WSAUnhookBlockingHook': redefinition; different linkage
  c:\program files (x86)\windows kits\10\include\10.0.17763.0\um\winsock.h(884): note: see declaration of 'WSAUnhookBlockingHook'
c:\program files (x86)\windows kits\10\include\10.0.17763.0\um\winsock2.h(2462): error C2375: 'WSASetBlockingHook': redefinition; different linkage
  c:\program files (x86)\windows kits\10\include\10.0.17763.0\um\winsock.h(886): note: see declaration of 'WSASetBlockingHook'
c:\program files (x86)\windows kits\10\include\10.0.17763.0\um\winsock2.h(2480): error C2375: 'WSACancelBlockingCall': redefinition; different linkage
  c:\program files (x86)\windows kits\10\include\10.0.17763.0\um\winsock.h(888): note: see declaration of 'WSACancelBlockingCall'
c:\program files (x86)\windows kits\10\include\10.0.17763.0\um\winsock2.h(2498): error C2375: 'WSAAsyncGetServByName': redefinition; different linkage
  c:\program files (x86)\windows kits\10\include\10.0.17763.0\um\winsock.h(890): note: see declaration of 'WSAAsyncGetServByName'
c:\program files (x86)\windows kits\10\include\10.0.17763.0\um\winsock2.h(2526): error C2375: 'WSAAsyncGetServByPort': redefinition; different linkage
  c:\program files (x86)\windows kits\10\include\10.0.17763.0\um\winsock.h(898): note: see declaration of 'WSAAsyncGetServByPort'
c:\program files (x86)\windows kits\10\include\10.0.17763.0\um\winsock2.h(2554): error C2375: 'WSAAsyncGetProtoByName': redefinition; different linkage
  c:\program files (x86)\windows kits\10\include\10.0.17763.0\um\winsock.h(906): note: see declaration of 'WSAAsyncGetProtoByName'
c:\program files (x86)\windows kits\10\include\10.0.17763.0\um\winsock2.h(2580): error C2375: 'WSAAsyncGetProtoByNumber': redefinition; different linkage
  c:\program files (x86)\windows kits\10\include\10.0.17763.0\um\winsock.h(913): note: see declaration of 'WSAAsyncGetProtoByNumber'
c:\program files (x86)\windows kits\10\include\10.0.17763.0\um\winsock2.h(2606): error C2375: 'WSAAsyncGetHostByName': redefinition; different linkage
  c:\program files (x86)\windows kits\10\include\10.0.17763.0\um\winsock.h(920): note: see declaration of 'WSAAsyncGetHostByName'
c:\program files (x86)\windows kits\10\include\10.0.17763.0\um\winsock2.h(2632): error C2375: 'WSAAsyncGetHostByAddr': redefinition; different linkage
  c:\program files (x86)\windows kits\10\include\10.0.17763.0\um\winsock.h(927): note: see declaration of 'WSAAsyncGetHostByAddr'
c:\program files (x86)\windows kits\10\include\10.0.17763.0\um\winsock2.h(2662): error C2375: 'WSACancelAsyncRequest': redefinition; different linkage
  c:\program files (x86)\windows kits\10\include\10.0.17763.0\um\winsock.h(936): note: see declaration of 'WSACancelAsyncRequest'
c:\program files (x86)\windows kits\10\include\10.0.17763.0\um\winsock2.h(2680): error C2375: 'WSAAsyncSelect': redefinition; different linkage
  c:\program files (x86)\windows kits\10\include\10.0.17763.0\um\winsock.h(938): note: see declaration of 'WSAAsyncSelect'
c:\program files (x86)\windows kits\10\include\10.0.17763.0\shared\ws2ipdef.h(80): error C2079: 'sockaddr_gen::Address' uses undefined struct 'sockaddr'
c:\program files (x86)\windows kits\10\include\10.0.17763.0\shared\ws2ipdef.h(81): error C2079: 'sockaddr_gen::AddressIn' uses undefined struct 'sockaddr_in'
c:\program files (x86)\windows kits\10\include\10.0.17763.0\shared\ws2ipdef.h(135): warning C4005: 'IP_TOS': macro redefinition
  c:\program files (x86)\windows kits\10\include\10.0.17763.0\um\winsock.h(349): note: see previous definition of 'IP_TOS'
c:\program files (x86)\windows kits\10\include\10.0.17763.0\shared\ws2ipdef.h(136): warning C4005: 'IP_TTL': macro redefinition
  c:\program files (x86)\windows kits\10\include\10.0.17763.0\um\winsock.h(348): note: see previous definition of 'IP_TTL'
c:\program files (x86)\windows kits\10\include\10.0.17763.0\shared\ws2ipdef.h(137): warning C4005: 'IP_MULTICAST_IF': macro redefinition
  c:\program files (x86)\windows kits\10\include\10.0.17763.0\um\winsock.h(343): note: see previous definition of 'IP_MULTICAST_IF'
c:\program files (x86)\windows kits\10\include\10.0.17763.0\shared\ws2ipdef.h(138): warning C4005: 'IP_MULTICAST_TTL': macro redefinition
  c:\program files (x86)\windows kits\10\include\10.0.17763.0\um\winsock.h(344): note: see previous definition of 'IP_MULTICAST_TTL'
c:\program files (x86)\windows kits\10\include\10.0.17763.0\shared\ws2ipdef.h(139): warning C4005: 'IP_MULTICAST_LOOP': macro redefinition
  c:\program files (x86)\windows kits\10\include\10.0.17763.0\um\winsock.h(345): note: see previous definition of 'IP_MULTICAST_LOOP'
c:\program files (x86)\windows kits\10\include\10.0.17763.0\shared\ws2ipdef.h(140): warning C4005: 'IP_ADD_MEMBERSHIP': macro redefinition
  c:\program files (x86)\windows kits\10\include\10.0.17763.0\um\winsock.h(346): note: see previous definition of 'IP_ADD_MEMBERSHIP'
c:\program files (x86)\windows kits\10\include\10.0.17763.0\shared\ws2ipdef.h(141): warning C4005: 'IP_DROP_MEMBERSHIP': macro redefinition
  c:\program files (x86)\windows kits\10\include\10.0.17763.0\um\winsock.h(347): note: see previous definition of 'IP_DROP_MEMBERSHIP'
c:\program files (x86)\windows kits\10\include\10.0.17763.0\shared\ws2ipdef.h(142): warning C4005: 'IP_DONTFRAGMENT': macro redefinition
  c:\program files (x86)\windows kits\10\include\10.0.17763.0\um\winsock.h(350): note: see previous definition of 'IP_DONTFRAGMENT'
c:\program files (x86)\windows kits\10\include\10.0.17763.0\shared\ws2ipdef.h(222): error C2079: '_SOCKADDR_INET::Ipv4' uses undefined struct 'sockaddr_in'
c:\program files (x86)\windows kits\10\include\10.0.17763.0\shared\ws2ipdef.h(738): error C2011: 'ip_mreq': 'struct' type redefinition
  c:\program files (x86)\windows kits\10\include\10.0.17763.0\um\winsock.h(360): note: see declaration of 'ip_mreq'
d:\github\gitkraken\repositories\programming-project\barebones_win32\barebones_win32_attempt\main.cpp(151): error C3861: 'Connect_To_Server': identifier not found
d:\github\gitkraken\repositories\programming-project\barebones_win32\barebones_win32_attempt\main.cpp(287): warning C4002: too many arguments for function-like macro invocation 'CreateWindowW'
d:\github\gitkraken\repositories\programming-project\barebones_win32\barebones_win32_attempt\main.cpp(307): error C2079: 'data' uses undefined struct 'WSAData'
d:\github\gitkraken\repositories\programming-project\barebones_win32\barebones_win32_attempt\main.cpp(309): error C2440: 'initializing': cannot convert from 'int (__stdcall *)(WORD,LPWSADATA)' to 'int'
  d:\github\gitkraken\repositories\programming-project\barebones_win32\barebones_win32_attempt\main.cpp(309): note: There is no context in which this conversion is possible
d:\github\gitkraken\repositories\programming-project\barebones_win32\barebones_win32_attempt\main.cpp(317): error C2440: 'initializing': cannot convert from 'SOCKET (__stdcall *)(int,int,int)' to 'SOCKET'
  d:\github\gitkraken\repositories\programming-project\barebones_win32\barebones_win32_attempt\main.cpp(317): note: There is no context in which this conversion is possible
d:\github\gitkraken\repositories\programming-project\barebones_win32\barebones_win32_attempt\main.cpp(320): error C2568: '<<': unable to resolve function overload
  d:\github\gitkraken\repositories\programming-project\barebones_win32\barebones_win32_attempt\main.cpp(320): note: could be 'int WSAGetLastError(void)'
d:\github\gitkraken\repositories\programming-project\barebones_win32\barebones_win32_attempt\main.cpp(326): error C2079: 'hint' uses undefined struct 'sockaddr_in'
d:\github\gitkraken\repositories\programming-project\barebones_win32\barebones_win32_attempt\main.cpp(329): error C2660: 'inet_pton': function does not take 2 arguments
  c:\program files (x86)\windows kits\10\include\10.0.17763.0\um\ws2tcpip.h(573): note: see declaration of 'inet_pton'
d:\github\gitkraken\repositories\programming-project\barebones_win32\barebones_win32_attempt\main.cpp(332): error C2440: 'initializing': cannot convert from 'int (__stdcall *)(SOCKET,const sockaddr *,int)' to 'int'
  d:\github\gitkraken\repositories\programming-project\barebones_win32\barebones_win32_attempt\main.cpp(332): note: There is no context in which this conversion is possible
d:\github\gitkraken\repositories\programming-project\barebones_win32\barebones_win32_attempt\main.cpp(335): error C2568: '<<': unable to resolve function overload
  d:\github\gitkraken\repositories\programming-project\barebones_win32\barebones_win32_attempt\main.cpp(335): note: could be 'int WSAGetLastError(void)'
d:\github\gitkraken\repositories\programming-project\barebones_win32\barebones_win32_attempt\main.cpp(356): error C2440: 'initializing': cannot convert from 'int (__stdcall *)(SOCKET,const char *,int,int)' to 'int'
  d:\github\gitkraken\repositories\programming-project\barebones_win32\barebones_win32_attempt\main.cpp(356): note: There is no context in which this conversion is possible
d:\github\gitkraken\repositories\programming-project\barebones_win32\barebones_win32_attempt\main.cpp(361): error C2440: 'initializing': cannot convert from 'int (__stdcall *)(SOCKET,char *,int,int)' to 'int'
  d:\github\gitkraken\repositories\programming-project\barebones_win32\barebones_win32_attempt\main.cpp(361): note: There is no context in which this conversion is possible
